<?xml version="1.0" encoding="UTF-8"?>
<!-- Generated by org.testng.reporters.JUnitXMLReporter -->
<testsuite hostname="WIN-8HALIKDMNFP" ignored="0" tests="1" failures="1" timestamp="26 ноя 2017 13:39:06 GMT" time="0.001" errors="0">
  <testcase name="getTest" time="0.001" classname="TestNGModifierGet">
    <failure type="java.lang.AssertionError" message="expected [true] but found [false]">
      <![CDATA[java.lang.AssertionError: expected [true] but found [false]
	at TestNGModifierGet.getTest(TestNGModifierGet.java:10)
	at Actions.testngStart(Actions.java:53)
	at Actions.action(Actions.java:65)
	at com.hpe.lr.java.replay.ScriptContainer.invoke(ScriptContainer.java:68)
	at com.hpe.lr.java.replay.ScriptContainer.action(ScriptContainer.java:59)
... Removed 30 stack frames]]>
    </failure>
  </testcase> <!-- getTest -->
</testsuite>
