<?xml version="1.0" encoding="UTF-8"?>
<testng-results skipped="0" failed="0" ignored="0" total="2" passed="2">
  <reporter-output>
  </reporter-output>
  <suite name="Command line suite" duration-ms="22" started-at="2017-11-25T04:39:25Z" finished-at="2017-11-25T04:39:25Z">
    <groups>
    </groups>
    <test name="Command line test" duration-ms="22" started-at="2017-11-25T04:39:25Z" finished-at="2017-11-25T04:39:25Z">
      <class name="TestNGModifierChange">
        <test-method status="PASS" signature="setUpClass()[pri:0, instance:TestNGModifierChange@57829d67]" name="setUpClass" is-config="true" duration-ms="7" started-at="2017-11-25T07:39:25Z" finished-at="2017-11-25T07:39:25Z">
          <reporter-output>
          </reporter-output>
        </test-method> <!-- setUpClass -->
        <test-method status="PASS" signature="changeTest(java.lang.String)[pri:0, instance:TestNGModifierChange@57829d67]" name="changeTest" duration-ms="2" started-at="2017-11-25T07:39:25Z" data-provider="changeTest" finished-at="2017-11-25T07:39:25Z">
          <params>
            <param index="0">
              <value>
                <![CDATA[test]]>
              </value>
            </param>
          </params>
          <reporter-output>
          </reporter-output>
        </test-method> <!-- changeTest -->
      </class> <!-- TestNGModifierChange -->
      <class name="TestNGModifierGet">
        <test-method status="PASS" signature="setUpClass()[pri:0, instance:TestNGModifierGet@19dfb72a]" name="setUpClass" is-config="true" duration-ms="0" started-at="2017-11-25T07:39:25Z" finished-at="2017-11-25T07:39:25Z">
          <reporter-output>
          </reporter-output>
        </test-method> <!-- setUpClass -->
        <test-method status="PASS" signature="getTest()[pri:0, instance:TestNGModifierGet@19dfb72a]" name="getTest" duration-ms="0" started-at="2017-11-25T07:39:25Z" finished-at="2017-11-25T07:39:25Z">
          <reporter-output>
          </reporter-output>
        </test-method> <!-- getTest -->
      </class> <!-- TestNGModifierGet -->
    </test> <!-- Command line test -->
  </suite> <!-- Command line suite -->
</testng-results>
