<?xml version="1.0" encoding="UTF-8"?>
<testng-results skipped="0" failed="0" ignored="0" total="1" passed="1">
  <reporter-output>
  </reporter-output>
  <suite name="TestNGModifier" duration-ms="0" started-at="2017-11-25T06:17:39Z" finished-at="2017-11-25T06:17:39Z">
    <groups>
    </groups>
    <test name="MyTests" duration-ms="0" started-at="2017-11-25T06:17:39Z" finished-at="2017-11-25T06:17:39Z">
      <class name="TestNGModifierGet">
        <test-method status="PASS" signature="setUpClass()[pri:0, instance:TestNGModifierGet@31f4bcd5]" name="setUpClass" is-config="true" duration-ms="0" started-at="2017-11-25T09:17:39Z" finished-at="2017-11-25T09:17:39Z">
          <reporter-output>
          </reporter-output>
        </test-method> <!-- setUpClass -->
        <test-method status="PASS" signature="getTest()[pri:0, instance:TestNGModifierGet@31f4bcd5]" name="getTest" duration-ms="0" started-at="2017-11-25T09:17:39Z" finished-at="2017-11-25T09:17:39Z">
          <reporter-output>
          </reporter-output>
        </test-method> <!-- getTest -->
      </class> <!-- TestNGModifierGet -->
    </test> <!-- MyTests -->
  </suite> <!-- TestNGModifier -->
</testng-results>
